f:\google drive\uni\y3\nmg\tcpserver - network mp games - mjohns - p147264\tcpserver - network mp games - mjohns - p147264\debug\vc141.pdb
f:\google drive\uni\y3\nmg\tcpserver - network mp games - mjohns - p147264\tcpserver - network mp games - mjohns - p147264\debug\vc141.idb
f:\google drive\uni\y3\nmg\tcpserver - network mp games - mjohns - p147264\tcpserver - network mp games - mjohns - p147264\debug\user.obj
f:\google drive\uni\y3\nmg\tcpserver - network mp games - mjohns - p147264\tcpserver - network mp games - mjohns - p147264\debug\udp.obj
f:\google drive\uni\y3\nmg\tcpserver - network mp games - mjohns - p147264\tcpserver - network mp games - mjohns - p147264\debug\tcpserver.obj
f:\google drive\uni\y3\nmg\tcpserver - network mp games - mjohns - p147264\tcpserver - network mp games - mjohns - p147264\debug\socket.obj
f:\google drive\uni\y3\nmg\tcpserver - network mp games - mjohns - p147264\tcpserver - network mp games - mjohns - p147264\debug\position.obj
f:\google drive\uni\y3\nmg\tcpserver - network mp games - mjohns - p147264\tcpserver - network mp games - mjohns - p147264\debug\outmemorystream.obj
f:\google drive\uni\y3\nmg\tcpserver - network mp games - mjohns - p147264\tcpserver - network mp games - mjohns - p147264\debug\message.obj
f:\google drive\uni\y3\nmg\tcpserver - network mp games - mjohns - p147264\tcpserver - network mp games - mjohns - p147264\debug\main.obj
f:\google drive\uni\y3\nmg\tcpserver - network mp games - mjohns - p147264\tcpserver - network mp games - mjohns - p147264\debug\inmemorystream.obj
f:\google drive\uni\y3\nmg\tcpserver - network mp games - mjohns - p147264\debug\tcpserver - network mp games - mjohns - p147264.ilk
f:\google drive\uni\y3\nmg\tcpserver - network mp games - mjohns - p147264\debug\tcpserver - network mp games - mjohns - p147264.exe
f:\google drive\uni\y3\nmg\tcpserver - network mp games - mjohns - p147264\debug\tcpserver - network mp games - mjohns - p147264.pdb
f:\google drive\uni\y3\nmg\tcpserver - network mp games - mjohns - p147264\tcpserver - network mp games - mjohns - p147264\debug\tcpserve.7f85f532.tlog\cl.command.1.tlog
f:\google drive\uni\y3\nmg\tcpserver - network mp games - mjohns - p147264\tcpserver - network mp games - mjohns - p147264\debug\tcpserve.7f85f532.tlog\cl.read.1.tlog
f:\google drive\uni\y3\nmg\tcpserver - network mp games - mjohns - p147264\tcpserver - network mp games - mjohns - p147264\debug\tcpserve.7f85f532.tlog\cl.write.1.tlog
f:\google drive\uni\y3\nmg\tcpserver - network mp games - mjohns - p147264\tcpserver - network mp games - mjohns - p147264\debug\tcpserve.7f85f532.tlog\link.command.1.tlog
f:\google drive\uni\y3\nmg\tcpserver - network mp games - mjohns - p147264\tcpserver - network mp games - mjohns - p147264\debug\tcpserve.7f85f532.tlog\link.read.1.tlog
f:\google drive\uni\y3\nmg\tcpserver - network mp games - mjohns - p147264\tcpserver - network mp games - mjohns - p147264\debug\tcpserve.7f85f532.tlog\link.write.1.tlog
